Determining if the pthread_create exist failed with the following output:
Change Dir: /home/xiaotang/GitHub/CPPPrimer/build/debug/CMakeFiles/CMakeTmp

Run Build Command:/usr/bin/gmake "cmTryCompileExec2791897071/fast"
/usr/bin/gmake -f CMakeFiles/cmTryCompileExec2791897071.dir/build.make CMakeFiles/cmTryCompileExec2791897071.dir/build
gmake[1]: Entering directory `/home/xiaotang/GitHub/CPPPrimer/build/debug/CMakeFiles/CMakeTmp'
/usr/bin/cmake -E cmake_progress_report /home/xiaotang/GitHub/CPPPrimer/build/debug/CMakeFiles/CMakeTmp/CMakeFiles 1
Building C object CMakeFiles/cmTryCompileExec2791897071.dir/CheckSymbolExists.c.o
/usr/bin/cc    -o CMakeFiles/cmTryCompileExec2791897071.dir/CheckSymbolExists.c.o   -c /home/xiaotang/GitHub/CPPPrimer/build/debug/CMakeFiles/CMakeTmp/CheckSymbolExists.c
Linking C executable cmTryCompileExec2791897071
/usr/bin/cmake -E cmake_link_script CMakeFiles/cmTryCompileExec2791897071.dir/link.txt --verbose=1
/usr/bin/cc       CMakeFiles/cmTryCompileExec2791897071.dir/CheckSymbolExists.c.o  -o cmTryCompileExec2791897071 -rdynamic 
CMakeFiles/cmTryCompileExec2791897071.dir/CheckSymbolExists.c.o: In function `main':
CheckSymbolExists.c:(.text+0x16): undefined reference to `pthread_create'
collect2: error: ld returned 1 exit status
gmake[1]: Leaving directory `/home/xiaotang/GitHub/CPPPrimer/build/debug/CMakeFiles/CMakeTmp'
gmake[1]: *** [cmTryCompileExec2791897071] Error 1
gmake: *** [cmTryCompileExec2791897071/fast] Error 2

File /home/xiaotang/GitHub/CPPPrimer/build/debug/CMakeFiles/CMakeTmp/CheckSymbolExists.c:
/* */
#include <pthread.h>

int main(int argc, char** argv)
{
  (void)argv;
#ifndef pthread_create
  return ((int*)(&pthread_create))[argc];
#else
  (void)argc;
  return 0;
#endif
}

Determining if the function pthread_create exists in the pthreads failed with the following output:
Change Dir: /home/xiaotang/GitHub/CPPPrimer/build/debug/CMakeFiles/CMakeTmp

Run Build Command:/usr/bin/gmake "cmTryCompileExec2580211635/fast"
/usr/bin/gmake -f CMakeFiles/cmTryCompileExec2580211635.dir/build.make CMakeFiles/cmTryCompileExec2580211635.dir/build
gmake[1]: Entering directory `/home/xiaotang/GitHub/CPPPrimer/build/debug/CMakeFiles/CMakeTmp'
/usr/bin/cmake -E cmake_progress_report /home/xiaotang/GitHub/CPPPrimer/build/debug/CMakeFiles/CMakeTmp/CMakeFiles 1
Building C object CMakeFiles/cmTryCompileExec2580211635.dir/CheckFunctionExists.c.o
/usr/bin/cc   -DCHECK_FUNCTION_EXISTS=pthread_create   -o CMakeFiles/cmTryCompileExec2580211635.dir/CheckFunctionExists.c.o   -c /usr/share/cmake/Modules/CheckFunctionExists.c
Linking C executable cmTryCompileExec2580211635
/usr/bin/cmake -E cmake_link_script CMakeFiles/cmTryCompileExec2580211635.dir/link.txt --verbose=1
/usr/bin/cc   -DCHECK_FUNCTION_EXISTS=pthread_create    CMakeFiles/cmTryCompileExec2580211635.dir/CheckFunctionExists.c.o  -o cmTryCompileExec2580211635 -rdynamic -lpthreads 
/usr/bin/ld: cannot find -lpthreads
collect2: error: ld returned 1 exit status
gmake[1]: Leaving directory `/home/xiaotang/GitHub/CPPPrimer/build/debug/CMakeFiles/CMakeTmp'
gmake[1]: *** [cmTryCompileExec2580211635] Error 1
gmake: *** [cmTryCompileExec2580211635/fast] Error 2


